
> astro-multilang@0.0.1 build C:\Programming\code-archive-projects\apps\astro-multilang
> astro build

20:22:26 [content] Syncing content
20:22:26 [WARN] [glob-loader] The base directory "C:\Programming\code-archive-projects\apps\astro-multilang\src\content\works\" does not exist.
20:22:26 [content] Synced content
20:22:26 [types] Generated 887ms
20:22:26 [build] output: "static"
20:22:26 [build] mode: "static"
20:22:26 [build] directory: C:\Programming\code-archive-projects\apps\astro-multilang\dist\
20:22:26 [build] Collecting build info...
20:22:26 [build] ✓ Completed in 941ms.
20:22:26 [build] Building static entrypoints...
20:22:28 [WARN] [vite] 
/assets/img/background.jpg referenced in /assets/img/background.jpg didn't resolve at build time, it will remain unchanged to be resolved at runtime
20:22:34 [vite] [32m✓ built in 7.57s[39m
20:22:34 [build] ✓ Completed in 7.73s.

 building client (vite) 
20:22:34 [vite] transforming...
20:22:38 [vite] [32m✓[39m 456 modules transformed.
20:22:38 [vite] rendering chunks...
