
> codebase@0.0.1 build C:\Programming\code-archive-projects\apps\codebase
> astro build

21:43:40 [vite] Re-optimizing dependencies because lockfile has changed
21:43:40 [content] Syncing content
21:43:41 [content] Synced content
21:43:41 [types] Generated 525ms
21:43:41 [build] output: "static"
21:43:41 [build] mode: "static"
21:43:41 [build] directory: C:\Programming\code-archive-projects\apps\codebase\dist\
21:43:41 [build] Collecting build info...
21:43:41 [build] ✓ Completed in 552ms.
21:43:41 [build] Building static entrypoints...
21:43:47 [vite] [32m✓ built in 6.10s[39m
21:43:47 [build] ✓ Completed in 6.13s.

 building client (vite) 
21:43:47 [vite] transforming...
21:43:47 [vite] [32m✓[39m 21 modules transformed.
21:43:47 [vite] rendering chunks...
21:43:47 [vite] computing gzip size...
21:43:47 [vite] [2mdist/[22m[36m_astro/client.Bx7k8SOM.js  [39m[1m[2m194.63 kB[22m[1m[22m[2m │ gzip: 60.99 kB[22m
21:43:47 [vite] [32m✓ built in 494ms[39m

 generating static routes 
21:43:47 ▶ src/pages/404.astro
21:43:47   └─ /404.html (+8ms) 
21:43:47 ▶ src/pages/About.astro
The collection "blog" does not exist or is empty. Please check your content config file for errors.
21:43:47   └─ /About/index.html (+7ms) 
21:43:47 ▶ src/pages/articles/[slug].astro
21:43:47   ├─ /articles/addbackend/index.html (+38ms) 
21:43:47   ├─ /articles/createbrunchgit/index.html (+4ms) 
21:43:47   ├─ /articles/figmaplugins/index.html (+4ms) 
21:43:47   ├─ /articles/findwork/index.html (+3ms) 
21:43:47   ├─ /articles/freelancebot/index.html (+6ms) 
21:43:47   ├─ /articles/astrocategory/index.html (+10ms) 
21:43:47   ├─ /articles/fullstacknext/index.html (+25ms) 
21:43:47   ├─ /articles/intotailwindreact/index.html (+4ms) 
21:43:47   ├─ /articles/importjsxinastro/index.html (+6ms) 
21:43:47   ├─ /articles/iworkincallcenter/index.html (+4ms) 
21:43:47   ├─ /articles/library/index.html (+3ms) 
21:43:47   ├─ /articles/makemonorepo/index.html (+7ms) 
21:43:47   ├─ /articles/multibuildastro/index.html (+11ms) 
21:43:47   ├─ /articles/newsbot/index.html (+5ms) 
21:43:47   ├─ /articles/multilangreact/index.html (+33ms) 
21:43:47   ├─ /articles/reactguttenberg/index.html (+13ms) 
21:43:47   ├─ /articles/trashworks/index.html (+3ms) 
21:43:47   ├─ /articles/solfirusscam/index.html (+3ms) 
21:43:47   ├─ /articles/vitemigration/index.html (+6ms) 
21:43:47   ├─ /articles/workspacescript/index.html (+9ms) 
21:43:47   └─ /articles/devportfolios/index.html (+19ms) 
21:43:47 ▶ src/pages/Articles.astro
21:43:47   └─ /Articles/index.html (+2ms) 
21:43:47 ▶ src/pages/category/[category].astro
21:43:47   ├─ /category/React/index.html (+2ms) 
21:43:47   ├─ /category/Git/index.html (+1ms) 
21:43:47   ├─ /category/Figma/index.html (+1ms) 
21:43:47   ├─ /category/Blog/index.html (+1ms) 
21:43:47   ├─ /category/Python/index.html (+1ms) 
21:43:47   ├─ /category/Astro/index.html (+1ms) 
21:43:47   ├─ /category/Nextjs/index.html (+1ms) 
21:43:47   ├─ /category/CDN/index.html (+1ms) 
21:43:47   ├─ /category/Development/index.html (+1ms) 
21:43:47   └─ /category/blog/index.html (+1ms) 
21:43:47 ▶ src/pages/Components.astro
21:43:47   └─ /Components/index.html (+2ms) 
21:43:47 ▶ src/pages/Contact.astro
21:43:47   └─ /Contact/index.html (+1ms) 
21:43:47 ▶ src/pages/example/[slug].astro
21:43:47   ├─ /example/calc/index.html (+7ms) 
21:43:47   ├─ /example/audioplayer/index.html (+9ms) 
21:43:47   ├─ /example/contactform/index.html (+8ms) 
21:43:47   ├─ /example/darktheme/index.html (+5ms) 
21:43:47   ├─ /example/first/index.html (+5ms) 
21:43:48   ├─ /example/geoblock/index.html (+7ms) 
21:43:48   ├─ /example/footer/index.html (+12ms) 
21:43:48   ├─ /example/icons/index.html (+6ms) 
21:43:48   ├─ /example/forms/index.html (+15ms) 
21:43:48   ├─ /example/nav/index.html (+7ms) 
21:43:48   ├─ /example/nocopy/index.html (+4ms) 
21:43:48   ├─ /example/navburger/index.html (+7ms) 
21:43:48   ├─ /example/onepagescroll/index.html (+6ms) 
21:43:48   ├─ /example/price/index.html (+6ms) 
21:43:48   ├─ /example/switcher/index.html (+5ms) 
21:43:48   └─ /example/socialbar/index.html (+5ms) 
21:43:48 ▶ src/pages/Example.astro
21:43:48   └─ /Example/index.html (+1ms) 
21:43:48 ▶ src/pages/news/[slug].astro
21:43:48   └─ /news/testpost/index.html (+11ms) 
21:43:48 ▶ src/pages/News.astro
21:43:48   └─ /News/index.html (+1ms) 
21:43:48 ▶ src/pages/Projects.astro
21:43:48   └─ /Projects/index.html (+2ms) 
21:43:48 ▶ src/pages/Services.astro
21:43:48   └─ /Services/index.html (+1ms) 
21:43:48 ▶ src/pages/Source.astro
21:43:48   └─ /Source/index.html (+1ms) 
21:43:48 ▶ src/pages/index.astro
21:43:48   └─ /index.html (+1ms) 
21:43:48 ✓ Completed in 417ms.

21:43:48 [build] 59 page(s) built in 7.67s
21:43:48 [build] Complete!
